  DrawSystem.cpp
C:\Users\ilyin\GitHub\ShaderMandelbrot\ShaderMandelbrot\ShaderMandelbrot\DrawSystem.cpp(25,50): warning C4244: 'argument': conversion from 'double' to 'T', possible loss of data
C:\Users\ilyin\GitHub\ShaderMandelbrot\ShaderMandelbrot\ShaderMandelbrot\DrawSystem.cpp(25,50): warning C4244:         with
C:\Users\ilyin\GitHub\ShaderMandelbrot\ShaderMandelbrot\ShaderMandelbrot\DrawSystem.cpp(25,50): warning C4244:         [
C:\Users\ilyin\GitHub\ShaderMandelbrot\ShaderMandelbrot\ShaderMandelbrot\DrawSystem.cpp(25,50): warning C4244:             T=float
C:\Users\ilyin\GitHub\ShaderMandelbrot\ShaderMandelbrot\ShaderMandelbrot\DrawSystem.cpp(25,50): warning C4244:         ]
C:\Users\ilyin\GitHub\ShaderMandelbrot\ShaderMandelbrot\ShaderMandelbrot\DrawSystem.cpp(25,47): warning C4244: 'argument': conversion from 'double' to 'T', possible loss of data
C:\Users\ilyin\GitHub\ShaderMandelbrot\ShaderMandelbrot\ShaderMandelbrot\DrawSystem.cpp(25,47): warning C4244:         with
C:\Users\ilyin\GitHub\ShaderMandelbrot\ShaderMandelbrot\ShaderMandelbrot\DrawSystem.cpp(25,47): warning C4244:         [
C:\Users\ilyin\GitHub\ShaderMandelbrot\ShaderMandelbrot\ShaderMandelbrot\DrawSystem.cpp(25,47): warning C4244:             T=float
C:\Users\ilyin\GitHub\ShaderMandelbrot\ShaderMandelbrot\ShaderMandelbrot\DrawSystem.cpp(25,47): warning C4244:         ]
C:\Users\ilyin\GitHub\ShaderMandelbrot\ShaderMandelbrot\ShaderMandelbrot\DrawSystem.cpp(32,51): warning C4244: 'argument': conversion from 'double' to 'T', possible loss of data
C:\Users\ilyin\GitHub\ShaderMandelbrot\ShaderMandelbrot\ShaderMandelbrot\DrawSystem.cpp(32,51): warning C4244:         with
C:\Users\ilyin\GitHub\ShaderMandelbrot\ShaderMandelbrot\ShaderMandelbrot\DrawSystem.cpp(32,51): warning C4244:         [
C:\Users\ilyin\GitHub\ShaderMandelbrot\ShaderMandelbrot\ShaderMandelbrot\DrawSystem.cpp(32,51): warning C4244:             T=float
C:\Users\ilyin\GitHub\ShaderMandelbrot\ShaderMandelbrot\ShaderMandelbrot\DrawSystem.cpp(32,51): warning C4244:         ]
C:\Users\ilyin\GitHub\ShaderMandelbrot\ShaderMandelbrot\ShaderMandelbrot\DrawSystem.cpp(32,48): warning C4244: 'argument': conversion from 'double' to 'T', possible loss of data
C:\Users\ilyin\GitHub\ShaderMandelbrot\ShaderMandelbrot\ShaderMandelbrot\DrawSystem.cpp(32,48): warning C4244:         with
C:\Users\ilyin\GitHub\ShaderMandelbrot\ShaderMandelbrot\ShaderMandelbrot\DrawSystem.cpp(32,48): warning C4244:         [
C:\Users\ilyin\GitHub\ShaderMandelbrot\ShaderMandelbrot\ShaderMandelbrot\DrawSystem.cpp(32,48): warning C4244:             T=float
C:\Users\ilyin\GitHub\ShaderMandelbrot\ShaderMandelbrot\ShaderMandelbrot\DrawSystem.cpp(32,48): warning C4244:         ]
C:\Users\ilyin\GitHub\ShaderMandelbrot\ShaderMandelbrot\ShaderMandelbrot\DrawSystem.cpp(34,54): warning C4244: 'argument': conversion from 'double' to 'T', possible loss of data
C:\Users\ilyin\GitHub\ShaderMandelbrot\ShaderMandelbrot\ShaderMandelbrot\DrawSystem.cpp(34,54): warning C4244:         with
C:\Users\ilyin\GitHub\ShaderMandelbrot\ShaderMandelbrot\ShaderMandelbrot\DrawSystem.cpp(34,54): warning C4244:         [
C:\Users\ilyin\GitHub\ShaderMandelbrot\ShaderMandelbrot\ShaderMandelbrot\DrawSystem.cpp(34,54): warning C4244:             T=float
C:\Users\ilyin\GitHub\ShaderMandelbrot\ShaderMandelbrot\ShaderMandelbrot\DrawSystem.cpp(34,54): warning C4244:         ]
C:\Users\ilyin\GitHub\ShaderMandelbrot\ShaderMandelbrot\ShaderMandelbrot\DrawSystem.cpp(34,50): warning C4244: 'argument': conversion from 'double' to 'T', possible loss of data
C:\Users\ilyin\GitHub\ShaderMandelbrot\ShaderMandelbrot\ShaderMandelbrot\DrawSystem.cpp(34,50): warning C4244:         with
C:\Users\ilyin\GitHub\ShaderMandelbrot\ShaderMandelbrot\ShaderMandelbrot\DrawSystem.cpp(34,50): warning C4244:         [
C:\Users\ilyin\GitHub\ShaderMandelbrot\ShaderMandelbrot\ShaderMandelbrot\DrawSystem.cpp(34,50): warning C4244:             T=float
C:\Users\ilyin\GitHub\ShaderMandelbrot\ShaderMandelbrot\ShaderMandelbrot\DrawSystem.cpp(34,50): warning C4244:         ]
  Generating code
  0 of 510 functions ( 0.0%) were compiled, the rest were copied from previous compilation.
    0 functions were new in current compilation
    0 functions had inline decision re-evaluated but remain unchanged
  Finished generating code
  ShaderMandelbrot.vcxproj -> C:\Users\ilyin\GitHub\ShaderMandelbrot\ShaderMandelbrot\Release\ShaderMandelbrot.exe
